<?xml version="1.0" encoding="UTF-8"?>
<!-- Generated by org.testng.reporters.JUnitXMLReporter -->
<testsuite hostname="DESKTOP-IVH825I" ignored="0" name="Test" tests="2" failures="0" timestamp="2023-06-11T20:27:10 IST" time="0.528" errors="0">
  <testcase name="@BeforeClass openBrowser" time="0.234" classname="com.wimate.generic.BaseClass">
    <failure type="java.lang.IllegalStateException" message="The path to the driver executable must be set by the webdriver.chrome.driver system property; for more information, see https://github.com/SeleniumHQ/selenium/wiki/ChromeDriver. The latest version can be downloaded from http://chromedriver.storage.googleapis.com/index.html">
      <![CDATA[java.lang.IllegalStateException: The path to the driver executable must be set by the webdriver.chrome.driver system property; for more information, see https://github.com/SeleniumHQ/selenium/wiki/ChromeDriver. The latest version can be downloaded from http://chromedriver.storage.googleapis.com/index.html
at com.google.common.base.Preconditions.checkState(Preconditions.java:847)
at org.openqa.selenium.remote.service.DriverService.findExecutable(DriverService.java:134)
at org.openqa.selenium.chrome.ChromeDriverService.access$000(ChromeDriverService.java:35)
at org.openqa.selenium.chrome.ChromeDriverService$Builder.findDefaultExecutable(ChromeDriverService.java:159)
at org.openqa.selenium.remote.service.DriverService$Builder.build(DriverService.java:355)
at org.openqa.selenium.chrome.ChromeDriverService.createDefaultService(ChromeDriverService.java:94)
at org.openqa.selenium.chrome.ChromeDriver.<init>(ChromeDriver.java:123)
at com.wimate.generic.BaseClass.openBrowser(BaseClass.java:26)
at java.util.ArrayList.forEach(Unknown Source)
... Removed 25 stack frames]]>
    </failure>
  </testcase> <!-- @BeforeClass openBrowser -->
  <testcase name="@BeforeMethod signup" time="-1.686495430274E9" classname="com.wimate.generic.BaseClass">
    <skipped/>
  </testcase> <!-- @BeforeMethod signup -->
  <testcase name="@AfterMethod signout" time="-1.686495430305E9" classname="com.wimate.generic.BaseClass">
    <skipped/>
  </testcase> <!-- @AfterMethod signout -->
  <testcase name="@BeforeMethod signup" time="-1.686495430321E9" classname="com.wimate.generic.BaseClass">
    <skipped/>
  </testcase> <!-- @BeforeMethod signup -->
  <testcase name="@AfterMethod signout" time="-1.686495430383E9" classname="com.wimate.generic.BaseClass">
    <skipped/>
  </testcase> <!-- @AfterMethod signout -->
  <testcase name="@AfterClass closeBrowser" time="-1.686495430383E9" classname="com.wimate.generic.BaseClass">
    <skipped/>
  </testcase> <!-- @AfterClass closeBrowser -->
  <testcase name="couldSignup" time="0.0" classname="com.wimate.run.run">
    <skipped/>
  </testcase> <!-- couldSignup -->
  <testcase name="couldSingup" time="0.0" classname="com.wimate.run.run">
    <skipped/>
  </testcase> <!-- couldSingup -->
</testsuite> <!-- Test -->
